SF:lib/domain/entities/run_session.dart
DA:21,2
DA:33,2
DA:44,2
DA:45,2
DA:46,2
DA:47,2
DA:48,1
DA:49,1
DA:50,0
DA:51,1
DA:52,2
DA:53,2
DA:57,1
DA:58,2
DA:59,3
DA:60,2
DA:61,1
DA:64,1
DA:65,2
DA:66,1
DA:67,1
DA:68,3
DA:69,5
DA:72,0
DA:73,0
DA:74,0
DA:75,0
DA:76,0
DA:77,0
DA:78,0
DA:79,0
DA:80,0
DA:81,0
DA:82,0
LF:34
LH:22
end_of_record
SF:lib/domain/entities/track_point.dart
DA:13,2
DA:23,2
DA:24,4
DA:27,2
DA:28,4
DA:29,2
DA:32,2
DA:35,6
DA:36,6
DA:37,10
DA:38,10
DA:40,8
DA:41,8
DA:42,6
DA:44,6
DA:46,2
DA:49,0
DA:50,0
DA:51,0
DA:52,0
DA:53,0
DA:54,0
DA:55,0
DA:56,0
DA:57,0
LF:25
LH:16
end_of_record
SF:lib/domain/usecases/update_run_session.dart
DA:5,1
DA:7,1
DA:8,2
DA:12,1
DA:16,1
DA:20,3
DA:23,2
DA:24,2
DA:25,1
DA:27,4
DA:28,1
DA:29,1
DA:30,1
DA:32,1
DA:38,2
DA:39,3
DA:41,1
LF:17
LH:17
end_of_record
